\BOOKMARK [1][-]{section.1}{\376\377\213\276\213\241\215\104\145\231}{}% 1
\BOOKMARK [2][-]{subsection.1.1}{\376\377\127\060\137\142}{section.1}% 2
\BOOKMARK [2][-]{subsection.1.2}{\376\377\135\345\172\013\127\060\215\050\147\141\116\366}{section.1}% 3
\BOOKMARK [2][-]{subsection.1.3}{\376\377\134\251\127\037\213\276\213\241\142\200\147\057\123\302\145\160}{section.1}% 4
\BOOKMARK [2][-]{subsection.1.4}{\376\377\154\064\145\207\127\060\215\050\147\141\116\366}{section.1}% 5
\BOOKMARK [2][-]{subsection.1.5}{\376\377\127\072\127\060\147\141\116\366}{section.1}% 6
\BOOKMARK [2][-]{subsection.1.6}{\376\377\116\012\220\350\176\323\147\204\215\104\145\231}{section.1}% 7
\BOOKMARK [2][-]{subsection.1.7}{\376\377\116\012\220\350\176\323\147\204\117\134\165\050}{section.1}% 8
\BOOKMARK [2][-]{subsection.1.8}{\376\377\147\120\145\231}{section.1}% 9
\BOOKMARK [1][-]{section.2}{\376\377\150\151\127\372\213\276\213\241}{}% 10
\BOOKMARK [2][-]{subsection.2.1}{\376\377\150\151\127\372\143\001\122\233\134\102\166\204\220\011\123\326}{section.2}% 11
\BOOKMARK [2][-]{subsection.2.2}{\376\377\150\151\166\204\220\011\127\213\116\016\134\072\133\370}{section.2}% 12
\BOOKMARK [2][-]{subsection.2.3}{\376\377\123\125\150\151\172\326\124\021\142\177\217\175\122\233\166\204\170\156\133\232}{section.2}% 13
\BOOKMARK [2][-]{subsection.2.4}{\376\377\170\156\133\232\150\151\145\160}{section.2}% 14
\BOOKMARK [1][-]{section.3}{\376\377\150\151\127\372\170\100\213\276\213\241}{}% 15
\BOOKMARK [2][-]{subsection.3.1}{\376\377\170\156\133\232\142\177\123\360\134\072\133\370}{section.3}% 16
\BOOKMARK [2][-]{subsection.3.2}{\376\377\123\125\150\151\172\326\124\021\142\177\217\175\122\233\232\214\173\227}{section.3}% 17
\BOOKMARK [2][-]{subsection.3.3}{\376\377\123\125\150\151\154\064\136\163\142\177\217\175\122\233\232\214\173\227}{section.3}% 18
\BOOKMARK [2][-]{subsection.3.4}{\376\377\142\177\123\360\142\227\137\057\213\241\173\227\124\214\221\115\173\113\213\276\213\241}{section.3}% 19
\BOOKMARK [1][-]{subsection.3.4}{\376\377\123\302\200\003\145\207\163\056}{}% 20
